<?xml version="1.0" encoding="UTF-8"?>
<!-- Generated by org.testng.reporters.JUnitReportReporter -->
<testsuite hostname="DESKTOP-CLJO024" failures="0" tests="3" name="awesomecucumber.runners.MyTestNGRunnerTest" time="31.433" errors="0" timestamp="2024-08-13T18:12:49 IST" skipped="0">
  <testcase classname="awesomecucumber.runners.MyTestNGRunnerTest" name="runScenario" time="7.777"/>
  <system-out/>
  <testcase classname="awesomecucumber.runners.MyTestNGRunnerTest" name="runScenario" time="8.365"/>
  <system-out/>
  <testcase classname="awesomecucumber.runners.MyTestNGRunnerTest" name="runScenario" time="15.291"/>
  <system-out/>
</testsuite> <!-- awesomecucumber.runners.MyTestNGRunnerTest -->
