<?xml version="1.0" encoding="UTF-8"?>
<!-- Generated by org.testng.reporters.JUnitReportReporter -->
<testsuite hostname="DESKTOP-CLJO024" failures="0" tests="3" name="awesomecucumber.runners.MyTestNGRunnerTest" time="33.218" errors="0" timestamp="2024-08-13T13:07:32 IST" skipped="0">
  <testcase classname="awesomecucumber.runners.MyTestNGRunnerTest" name="runScenario" time="9.024"/>
  <system-out/>
  <testcase classname="awesomecucumber.runners.MyTestNGRunnerTest" name="runScenario" time="8.849"/>
  <system-out/>
  <testcase classname="awesomecucumber.runners.MyTestNGRunnerTest" name="runScenario" time="15.345"/>
  <system-out/>
</testsuite> <!-- awesomecucumber.runners.MyTestNGRunnerTest -->
